<?xml version="1.0" encoding="UTF-8"?>
<!-- Generated by org.testng.reporters.JUnitReportReporter -->
<testsuite skipped="0" hostname="TYSS-TR-0020" name="sample.DemoTest" tests="1" failures="0" timestamp="24 Apr 2018 10:34:59 GMT" time="0.012" errors="0">
  <testcase name="createUser" time="0.012" classname="sample.DemoTest"/>
</testsuite> <!-- sample.DemoTest -->
